2025-01-23 20:00:00 | WARN | repo=arquillian-phantom-driver | action=pull
2025-12-27 09:51:00 | INFO | repo=arquillian-phantom-driver | action=commit
2025-11-09 07:33:00 | INFO | repo=arquillian-phantom-driver | action=test | passed=true
2025-10-25 15:47:00 | DEBUG | repo=arquillian-phantom-driver | action=commit
2025-01-24 12:05:00 | WARN | repo=arquillian-phantom-driver | action=commit
2025-05-24 21:13:00 | DEBUG | repo=arquillian-phantom-driver | action=commit
2025-08-27 08:54:00 | DEBUG | repo=arquillian-phantom-driver | action=pull
2025-03-27 19:51:00 | INFO | repo=arquillian-phantom-driver | action=commit
2025-03-13 17:13:00 | WARN | repo=arquillian-phantom-driver | action=commit
2025-10-16 08:16:00 | WARN | repo=arquillian-phantom-driver | action=test | passed=true
2025-07-05 07:20:00 | INFO | repo=arquillian-phantom-driver | action=edit | files=5
2025-06-24 18:10:00 | DEBUG | repo=arquillian-phantom-driver | action=pull
2025-03-27 14:02:00 | DEBUG | repo=arquillian-phantom-driver | action=commit
2025-08-21 18:02:00 | DEBUG | repo=arquillian-phantom-driver | action=commit
2025-12-15 21:36:00 | WARN | repo=arquillian-phantom-driver | action=commit
2025-06-07 12:05:00 | WARN | repo=arquillian-phantom-driver | action=commit
2025-01-25 07:04:00 | INFO | repo=arquillian-phantom-driver | action=pull
2025-10-02 12:03:00 | DEBUG | repo=arquillian-phantom-driver | action=edit | files=1
2025-11-26 20:50:00 | INFO | repo=arquillian-phantom-driver | action=commit
2025-02-27 20:08:00 | INFO | repo=arquillian-phantom-driver | action=commit
2025-06-21 19:40:00 | DEBUG | repo=arquillian-phantom-driver | action=pull
2025-08-16 13:17:00 | INFO | repo=arquillian-phantom-driver | action=edit | files=5
2025-05-11 21:20:00 | INFO | repo=arquillian-phantom-driver | action=pull
2025-08-17 07:00:00 | WARN | repo=arquillian-phantom-driver | action=commit
2025-06-17 19:35:00 | INFO | repo=arquillian-phantom-driver | action=commit
2025-09-12 11:47:00 | WARN | repo=arquillian-phantom-driver | action=commit
2025-12-19 20:23:00 | WARN | repo=arquillian-phantom-driver | action=test | passed=true
2025-10-19 19:30:00 | WARN | repo=arquillian-phantom-driver | action=commit
2025-04-05 15:48:00 | DEBUG | repo=arquillian-phantom-driver | action=test | passed=true
2025-08-23 08:05:00 | INFO | repo=arquillian-phantom-driver | action=commit
2025-06-18 08:33:00 | INFO | repo=arquillian-phantom-driver | action=commit
2025-02-26 14:36:00 | DEBUG | repo=arquillian-phantom-driver | action=commit
2025-10-12 15:20:00 | INFO | repo=arquillian-phantom-driver | action=commit
2025-01-13 17:16:00 | DEBUG | repo=arquillian-phantom-driver | action=commit
2025-11-10 20:03:00 | DEBUG | repo=arquillian-phantom-driver | action=edit | files=4
2025-10-10 09:01:00 | DEBUG | repo=arquillian-phantom-driver | action=commit
2025-12-07 18:12:00 | DEBUG | repo=arquillian-phantom-driver | action=edit | files=4
2025-03-10 19:12:00 | INFO | repo=arquillian-phantom-driver | action=commit
2025-08-17 12:00:00 | INFO | repo=arquillian-phantom-driver | action=commit
2025-01-15 19:58:00 | INFO | repo=arquillian-phantom-driver | action=commit
2025-11-25 14:24:00 | WARN | repo=arquillian-phantom-driver | action=commit
2025-03-15 09:05:00 | INFO | repo=arquillian-phantom-driver | action=edit | files=5
2025-09-01 10:01:00 | INFO | repo=arquillian-phantom-driver | action=test | passed=true
2025-11-06 18:53:00 | INFO | repo=arquillian-phantom-driver | action=commit
2025-05-18 20:52:00 | WARN | repo=arquillian-phantom-driver | action=test | passed=true
2025-02-25 20:57:00 | DEBUG | repo=arquillian-phantom-driver | action=edit | files=5
2025-06-10 16:03:00 | DEBUG | repo=arquillian-phantom-driver | action=commit
2025-08-16 13:38:00 | DEBUG | repo=arquillian-phantom-driver | action=pull
2025-12-16 08:25:00 | WARN | repo=arquillian-phantom-driver | action=test | passed=true
2025-12-06 12:04:00 | DEBUG | repo=arquillian-phantom-driver | action=commit
2025-04-11 18:19:00 | DEBUG | repo=arquillian-phantom-driver | action=commit
2025-12-25 14:52:00 | DEBUG | repo=arquillian-phantom-driver | action=commit
2025-04-15 07:37:00 | WARN | repo=arquillian-phantom-driver | action=edit | files=4
2025-02-05 19:29:00 | INFO | repo=arquillian-phantom-driver | action=commit
2025-04-07 20:30:00 | WARN | repo=arquillian-phantom-driver | action=test | passed=true
2025-10-03 07:34:00 | INFO | repo=arquillian-phantom-driver | action=commit
2025-07-09 08:02:00 | INFO | repo=arquillian-phantom-driver | action=commit
2025-01-10 21:01:00 | INFO | repo=arquillian-phantom-driver | action=commit
2025-06-17 13:39:00 | DEBUG | repo=arquillian-phantom-driver | action=test | passed=true
2025-01-08 12:44:00 | WARN | repo=arquillian-phantom-driver | action=commit
2025-02-24 17:10:00 | INFO | repo=arquillian-phantom-driver | action=commit
2025-06-19 12:15:00 | INFO | repo=arquillian-phantom-driver | action=commit
2025-04-12 13:34:00 | DEBUG | repo=arquillian-phantom-driver | action=pull
2025-02-20 21:45:00 | INFO | repo=arquillian-phantom-driver | action=commit
2025-11-15 07:43:00 | WARN | repo=arquillian-phantom-driver | action=commit
2025-11-01 17:04:00 | WARN | repo=arquillian-phantom-driver | action=commit
2025-05-16 18:12:00 | INFO | repo=arquillian-phantom-driver | action=commit
2025-12-19 14:09:00 | INFO | repo=arquillian-phantom-driver | action=pull
2025-11-19 13:09:00 | DEBUG | repo=arquillian-phantom-driver | action=edit | files=1
2025-07-22 16:29:00 | INFO | repo=arquillian-phantom-driver | action=commit
2025-10-01 12:10:00 | DEBUG | repo=arquillian-phantom-driver | action=test | passed=true
2025-11-25 18:22:00 | INFO | repo=arquillian-phantom-driver | action=pull
2025-01-22 12:49:00 | INFO | repo=arquillian-phantom-driver | action=commit
2025-12-11 11:25:00 | WARN | repo=arquillian-phantom-driver | action=commit
2025-08-24 17:41:00 | INFO | repo=arquillian-phantom-driver | action=commit
2025-06-03 12:29:00 | INFO | repo=arquillian-phantom-driver | action=pull
2025-12-17 14:07:00 | INFO | repo=arquillian-phantom-driver | action=pull
2025-09-22 18:48:00 | DEBUG | repo=arquillian-phantom-driver | action=commit
2025-01-24 21:24:00 | INFO | repo=arquillian-phantom-driver | action=commit
2025-08-12 21:14:00 | INFO | repo=arquillian-phantom-driver | action=test | passed=true
2025-09-06 07:42:00 | DEBUG | repo=arquillian-phantom-driver | action=commit
2025-10-16 08:13:00 | INFO | repo=arquillian-phantom-driver | action=edit | files=5
2025-05-18 21:26:00 | INFO | repo=arquillian-phantom-driver | action=commit
2025-03-28 13:25:00 | WARN | repo=arquillian-phantom-driver | action=test | passed=true
2025-02-24 13:44:00 | DEBUG | repo=arquillian-phantom-driver | action=commit
2025-04-27 12:19:00 | WARN | repo=arquillian-phantom-driver | action=commit
2025-07-26 09:45:00 | INFO | repo=arquillian-phantom-driver | action=test | passed=true
2025-01-09 20:13:00 | WARN | repo=arquillian-phantom-driver | action=commit
2025-08-20 20:16:00 | WARN | repo=arquillian-phantom-driver | action=commit
2025-12-02 07:13:00 | WARN | repo=arquillian-phantom-driver | action=commit
2025-10-18 18:18:00 | DEBUG | repo=arquillian-phantom-driver | action=commit
2025-12-10 07:39:00 | DEBUG | repo=arquillian-phantom-driver | action=commit
2025-09-24 14:18:00 | WARN | repo=arquillian-phantom-driver | action=test | passed=true
2025-10-28 20:43:00 | WARN | repo=arquillian-phantom-driver | action=commit
2025-07-16 11:51:00 | INFO | repo=arquillian-phantom-driver | action=commit
2025-10-04 12:50:00 | INFO | repo=arquillian-phantom-driver | action=edit | files=5
2025-01-02 10:56:00 | WARN | repo=arquillian-phantom-driver | action=commit
2025-05-13 09:03:00 | WARN | repo=arquillian-phantom-driver | action=commit
2025-12-11 16:26:00 | WARN | repo=arquillian-phantom-driver | action=edit | files=1
2025-06-14 14:43:00 | DEBUG | repo=arquillian-phantom-driver | action=commit
